[2026-02-12T22:03:46.906+0000] {local_task_job_runner.py:120} INFO - ::group::Pre task execution logs
[2026-02-12T22:03:46.992+0000] {taskinstance.py:2076} INFO - Dependencies all met for dep_context=non-requeueable deps ti=<TaskInstance: ecommerce_sales_pipeline.log_pipeline_summary scheduled__2026-02-12T21:00:00+00:00 [queued]>
[2026-02-12T22:03:47.002+0000] {taskinstance.py:2076} INFO - Dependencies all met for dep_context=requeueable deps ti=<TaskInstance: ecommerce_sales_pipeline.log_pipeline_summary scheduled__2026-02-12T21:00:00+00:00 [queued]>
[2026-02-12T22:03:47.003+0000] {taskinstance.py:2306} INFO - Starting attempt 1 of 3
[2026-02-12T22:03:47.053+0000] {taskinstance.py:2330} INFO - Executing <Task(PythonOperator): log_pipeline_summary> on 2026-02-12 21:00:00+00:00
[2026-02-12T22:03:47.062+0000] {standard_task_runner.py:90} INFO - Running: ['***', 'tasks', 'run', 'ecommerce_sales_pipeline', 'log_pipeline_summary', 'scheduled__2026-02-12T21:00:00+00:00', '--job-id', '53', '--raw', '--subdir', 'DAGS_FOLDER/ecommerce_pipeline_dag.py', '--cfg-path', '/tmp/tmpw343xqo7']
[2026-02-12T22:03:47.066+0000] {standard_task_runner.py:91} INFO - Job 53: Subtask log_pipeline_summary
[2026-02-12T22:03:47.081+0000] {logging_mixin.py:188} WARNING - /home/***/.local/lib/python3.12/site-packages/***/task/task_runner/standard_task_runner.py:62 DeprecationWarning: This process (pid=1971) is multi-threaded, use of fork() may lead to deadlocks in the child.
[2026-02-12T22:03:47.083+0000] {standard_task_runner.py:64} INFO - Started process 1972 to run task
[2026-02-12T22:03:47.133+0000] {task_command.py:426} INFO - Running <TaskInstance: ecommerce_sales_pipeline.log_pipeline_summary scheduled__2026-02-12T21:00:00+00:00 [running]> on host 2c81816151a4
[2026-02-12T22:03:47.242+0000] {taskinstance.py:2648} INFO - Exporting env vars: AIRFLOW_CTX_DAG_OWNER='rakshith' AIRFLOW_CTX_DAG_ID='ecommerce_sales_pipeline' AIRFLOW_CTX_TASK_ID='log_pipeline_summary' AIRFLOW_CTX_EXECUTION_DATE='2026-02-12T21:00:00+00:00' AIRFLOW_CTX_TRY_NUMBER='1' AIRFLOW_CTX_DAG_RUN_ID='scheduled__2026-02-12T21:00:00+00:00'
[2026-02-12T22:03:47.243+0000] {taskinstance.py:430} INFO - ::endgroup::
[2026-02-12T22:03:47.452+0000] {ecommerce_pipeline_dag.py:234} INFO - 
    ═══════════════════════════════════════
    Pipeline Summary
    Products Inserted: 0
    Products Updated : 20
    Transactions     : 153
    ═══════════════════════════════════════
    
[2026-02-12T22:03:47.452+0000] {python.py:237} INFO - Done. Returned value was: None
[2026-02-12T22:03:47.453+0000] {taskinstance.py:441} INFO - ::group::Post task execution logs
[2026-02-12T22:03:47.462+0000] {taskinstance.py:1206} INFO - Marking task as SUCCESS. dag_id=ecommerce_sales_pipeline, task_id=log_pipeline_summary, run_id=scheduled__2026-02-12T21:00:00+00:00, execution_date=20260212T210000, start_date=20260212T220346, end_date=20260212T220347
[2026-02-12T22:03:47.498+0000] {local_task_job_runner.py:243} INFO - Task exited with return code 0
[2026-02-12T22:03:47.519+0000] {taskinstance.py:3503} INFO - 0 downstream tasks scheduled from follow-on schedule check
[2026-02-12T22:03:47.521+0000] {local_task_job_runner.py:222} INFO - ::endgroup::
