[2026-02-12T02:03:26.831+0000] {local_task_job_runner.py:120} INFO - ::group::Pre task execution logs
[2026-02-12T02:03:28.052+0000] {taskinstance.py:2076} INFO - Dependencies all met for dep_context=non-requeueable deps ti=<TaskInstance: ecommerce_sales_pipeline.run_etl_pipeline manual__2026-02-12T01:53:16.022254+00:00 [queued]>
[2026-02-12T02:03:28.118+0000] {taskinstance.py:2076} INFO - Dependencies all met for dep_context=requeueable deps ti=<TaskInstance: ecommerce_sales_pipeline.run_etl_pipeline manual__2026-02-12T01:53:16.022254+00:00 [queued]>
[2026-02-12T02:03:28.120+0000] {taskinstance.py:2306} INFO - Starting attempt 3 of 3
[2026-02-12T02:03:28.162+0000] {taskinstance.py:2330} INFO - Executing <Task(PythonOperator): run_etl_pipeline> on 2026-02-12 01:53:16.022254+00:00
[2026-02-12T02:03:28.200+0000] {standard_task_runner.py:90} INFO - Running: ['***', 'tasks', 'run', 'ecommerce_sales_pipeline', 'run_etl_pipeline', 'manual__2026-02-12T01:53:16.022254+00:00', '--job-id', '11', '--raw', '--subdir', 'DAGS_FOLDER/ecommerce_pipeline_dag.py', '--cfg-path', '/tmp/tmps27j4wrx']
[2026-02-12T02:03:28.257+0000] {standard_task_runner.py:91} INFO - Job 11: Subtask run_etl_pipeline
[2026-02-12T02:03:29.802+0000] {logging_mixin.py:188} WARNING - /home/***/.local/lib/python3.12/site-packages/***/task/task_runner/standard_task_runner.py:62 DeprecationWarning: This process (pid=812) is multi-threaded, use of fork() may lead to deadlocks in the child.
[2026-02-12T02:03:29.803+0000] {standard_task_runner.py:64} INFO - Started process 815 to run task
[2026-02-12T02:03:39.178+0000] {task_command.py:426} INFO - Running <TaskInstance: ecommerce_sales_pipeline.run_etl_pipeline manual__2026-02-12T01:53:16.022254+00:00 [running]> on host 2c81816151a4
[2026-02-12T02:03:47.882+0000] {taskinstance.py:2648} INFO - Exporting env vars: AIRFLOW_CTX_DAG_EMAIL='admin@ecommerce-pipeline.com' AIRFLOW_CTX_DAG_OWNER='rakshith' AIRFLOW_CTX_DAG_ID='ecommerce_sales_pipeline' AIRFLOW_CTX_TASK_ID='run_etl_pipeline' AIRFLOW_CTX_EXECUTION_DATE='2026-02-12T01:53:16.022254+00:00' AIRFLOW_CTX_TRY_NUMBER='3' AIRFLOW_CTX_DAG_RUN_ID='manual__2026-02-12T01:53:16.022254+00:00'
[2026-02-12T02:03:48.170+0000] {taskinstance.py:430} INFO - ::endgroup::
[2026-02-12T02:03:49.744+0000] {ecommerce_pipeline_dag.py:109} INFO - Starting ETL pipeline run...
[2026-02-12T02:03:49.973+0000] {taskinstance.py:441} INFO - ::group::Post task execution logs
[2026-02-12T02:03:49.974+0000] {taskinstance.py:2905} ERROR - Task failed with exception
Traceback (most recent call last):
  File "/home/airflow/.local/lib/python3.12/site-packages/airflow/models/taskinstance.py", line 465, in _execute_task
    result = _execute_callable(context=context, **execute_callable_kwargs)
             ^^^^^^^^^^^^^^^^^^^^^^^^^^^^^^^^^^^^^^^^^^^^^^^^^^^^^^^^^^^^^
  File "/home/airflow/.local/lib/python3.12/site-packages/airflow/models/taskinstance.py", line 432, in _execute_callable
    return execute_callable(context=context, **execute_callable_kwargs)
           ^^^^^^^^^^^^^^^^^^^^^^^^^^^^^^^^^^^^^^^^^^^^^^^^^^^^^^^^^^^^
  File "/home/airflow/.local/lib/python3.12/site-packages/airflow/models/baseoperator.py", line 401, in wrapper
    return func(self, *args, **kwargs)
           ^^^^^^^^^^^^^^^^^^^^^^^^^^^
  File "/home/airflow/.local/lib/python3.12/site-packages/airflow/operators/python.py", line 235, in execute
    return_value = self.execute_callable()
                   ^^^^^^^^^^^^^^^^^^^^^^^
  File "/home/airflow/.local/lib/python3.12/site-packages/airflow/operators/python.py", line 252, in execute_callable
    return self.python_callable(*self.op_args, **self.op_kwargs)
           ^^^^^^^^^^^^^^^^^^^^^^^^^^^^^^^^^^^^^^^^^^^^^^^^^^^^^
  File "/opt/airflow/dags/ecommerce_pipeline_dag.py", line 151, in run_etl_pipeline
    cursor.executemany("""
psycopg2.errors.UndefinedColumn: column "sale_date" of relation "sales_fact" does not exist
LINE 3: ...           (customer_id, product_id, location_id, sale_date,
                                                             ^

[2026-02-12T02:04:29.982+0000] {taskinstance.py:1206} INFO - Marking task as FAILED. dag_id=ecommerce_sales_pipeline, task_id=run_etl_pipeline, run_id=manual__2026-02-12T01:53:16.022254+00:00, execution_date=20260212T015316, start_date=20260212T020328, end_date=20260212T020429
[2026-02-12T02:04:30.041+0000] {standard_task_runner.py:110} ERROR - Failed to execute job 11 for task run_etl_pipeline (column "sale_date" of relation "sales_fact" does not exist
LINE 3: ...           (customer_id, product_id, location_id, sale_date,
                                                             ^
; 815)
[2026-02-12T02:04:30.086+0000] {local_task_job_runner.py:243} INFO - Task exited with return code 1
[2026-02-12T02:04:30.823+0000] {taskinstance.py:3503} INFO - 0 downstream tasks scheduled from follow-on schedule check
[2026-02-12T02:04:31.014+0000] {local_task_job_runner.py:222} INFO - ::endgroup::
