[2026-02-12T00:59:06.439+0000] {local_task_job_runner.py:120} INFO - ::group::Pre task execution logs
[2026-02-12T00:59:06.528+0000] {taskinstance.py:2076} INFO - Dependencies all met for dep_context=non-requeueable deps ti=<TaskInstance: ecommerce_sales_pipeline.fetch_products manual__2026-02-12T00:59:00.865686+00:00 [queued]>
[2026-02-12T00:59:06.544+0000] {taskinstance.py:2076} INFO - Dependencies all met for dep_context=requeueable deps ti=<TaskInstance: ecommerce_sales_pipeline.fetch_products manual__2026-02-12T00:59:00.865686+00:00 [queued]>
[2026-02-12T00:59:06.545+0000] {taskinstance.py:2306} INFO - Starting attempt 1 of 3
[2026-02-12T00:59:06.557+0000] {taskinstance.py:2330} INFO - Executing <Task(PythonOperator): fetch_products> on 2026-02-12 00:59:00.865686+00:00
[2026-02-12T00:59:06.571+0000] {logging_mixin.py:188} WARNING - /home/***/.local/lib/python3.12/site-packages/***/task/task_runner/standard_task_runner.py:62 DeprecationWarning: This process (pid=514) is multi-threaded, use of fork() may lead to deadlocks in the child.
[2026-02-12T00:59:06.573+0000] {standard_task_runner.py:64} INFO - Started process 516 to run task
[2026-02-12T00:59:06.571+0000] {standard_task_runner.py:90} INFO - Running: ['***', 'tasks', 'run', 'ecommerce_sales_pipeline', 'fetch_products', 'manual__2026-02-12T00:59:00.865686+00:00', '--job-id', '3', '--raw', '--subdir', 'DAGS_FOLDER/ecommerce_pipeline_dag.py', '--cfg-path', '/tmp/tmpcpc_cv7i']
[2026-02-12T00:59:06.574+0000] {standard_task_runner.py:91} INFO - Job 3: Subtask fetch_products
[2026-02-12T00:59:06.694+0000] {task_command.py:426} INFO - Running <TaskInstance: ecommerce_sales_pipeline.fetch_products manual__2026-02-12T00:59:00.865686+00:00 [running]> on host 5f23c6a1a060
[2026-02-12T00:59:06.809+0000] {taskinstance.py:2648} INFO - Exporting env vars: AIRFLOW_CTX_DAG_EMAIL='admin@ecommerce-pipeline.com' AIRFLOW_CTX_DAG_OWNER='rakshith' AIRFLOW_CTX_DAG_ID='ecommerce_sales_pipeline' AIRFLOW_CTX_TASK_ID='fetch_products' AIRFLOW_CTX_EXECUTION_DATE='2026-02-12T00:59:00.865686+00:00' AIRFLOW_CTX_TRY_NUMBER='1' AIRFLOW_CTX_DAG_RUN_ID='manual__2026-02-12T00:59:00.865686+00:00'
[2026-02-12T00:59:06.811+0000] {taskinstance.py:430} INFO - ::endgroup::
[2026-02-12T00:59:08.724+0000] {ecommerce_pipeline_dag.py:50} INFO - Fetching products from Fake Store API...
[2026-02-12T00:59:09.388+0000] {ecommerce_pipeline_dag.py:56} INFO - Fetched 20 products from API
[2026-02-12T00:59:09.439+0000] {taskinstance.py:441} INFO - ::group::Post task execution logs
[2026-02-12T00:59:09.440+0000] {taskinstance.py:2905} ERROR - Task failed with exception
Traceback (most recent call last):
  File "/home/airflow/.local/lib/python3.12/site-packages/airflow/models/taskinstance.py", line 465, in _execute_task
    result = _execute_callable(context=context, **execute_callable_kwargs)
             ^^^^^^^^^^^^^^^^^^^^^^^^^^^^^^^^^^^^^^^^^^^^^^^^^^^^^^^^^^^^^
  File "/home/airflow/.local/lib/python3.12/site-packages/airflow/models/taskinstance.py", line 432, in _execute_callable
    return execute_callable(context=context, **execute_callable_kwargs)
           ^^^^^^^^^^^^^^^^^^^^^^^^^^^^^^^^^^^^^^^^^^^^^^^^^^^^^^^^^^^^
  File "/home/airflow/.local/lib/python3.12/site-packages/airflow/models/baseoperator.py", line 401, in wrapper
    return func(self, *args, **kwargs)
           ^^^^^^^^^^^^^^^^^^^^^^^^^^^
  File "/home/airflow/.local/lib/python3.12/site-packages/airflow/operators/python.py", line 235, in execute
    return_value = self.execute_callable()
                   ^^^^^^^^^^^^^^^^^^^^^^^
  File "/home/airflow/.local/lib/python3.12/site-packages/airflow/operators/python.py", line 252, in execute_callable
    return self.python_callable(*self.op_args, **self.op_kwargs)
           ^^^^^^^^^^^^^^^^^^^^^^^^^^^^^^^^^^^^^^^^^^^^^^^^^^^^^
  File "/opt/airflow/dags/ecommerce_pipeline_dag.py", line 76, in fetch_products_from_api
    cursor.execute("""
psycopg2.errors.UndefinedColumn: column "product_description" of relation "products" does not exist
LINE 2: ...NTO products (product_name, category, unit_price, product_de...
                                                             ^

[2026-02-12T00:59:09.453+0000] {taskinstance.py:1206} INFO - Marking task as UP_FOR_RETRY. dag_id=ecommerce_sales_pipeline, task_id=fetch_products, run_id=manual__2026-02-12T00:59:00.865686+00:00, execution_date=20260212T005900, start_date=20260212T005906, end_date=20260212T005909
[2026-02-12T00:59:09.478+0000] {standard_task_runner.py:110} ERROR - Failed to execute job 3 for task fetch_products (column "product_description" of relation "products" does not exist
LINE 2: ...NTO products (product_name, category, unit_price, product_de...
                                                             ^
; 516)
[2026-02-12T00:59:09.521+0000] {local_task_job_runner.py:243} INFO - Task exited with return code 1
[2026-02-12T00:59:09.553+0000] {taskinstance.py:3503} INFO - 0 downstream tasks scheduled from follow-on schedule check
[2026-02-12T00:59:09.555+0000] {local_task_job_runner.py:222} INFO - ::endgroup::
