[2026-02-12T01:13:43.035+0000] {local_task_job_runner.py:120} INFO - ::group::Pre task execution logs
[2026-02-12T01:13:43.075+0000] {taskinstance.py:2076} INFO - Dependencies all met for dep_context=non-requeueable deps ti=<TaskInstance: ecommerce_sales_pipeline.fetch_products manual__2026-02-12T00:59:00.865686+00:00 [queued]>
[2026-02-12T01:13:43.087+0000] {taskinstance.py:2076} INFO - Dependencies all met for dep_context=requeueable deps ti=<TaskInstance: ecommerce_sales_pipeline.fetch_products manual__2026-02-12T00:59:00.865686+00:00 [queued]>
[2026-02-12T01:13:43.088+0000] {taskinstance.py:2306} INFO - Starting attempt 4 of 6
[2026-02-12T01:13:43.104+0000] {taskinstance.py:2330} INFO - Executing <Task(PythonOperator): fetch_products> on 2026-02-12 00:59:00.865686+00:00
[2026-02-12T01:13:43.116+0000] {logging_mixin.py:188} WARNING - /home/***/.local/lib/python3.12/site-packages/***/task/task_runner/standard_task_runner.py:62 DeprecationWarning: This process (pid=1152) is multi-threaded, use of fork() may lead to deadlocks in the child.
[2026-02-12T01:13:43.118+0000] {standard_task_runner.py:64} INFO - Started process 1157 to run task
[2026-02-12T01:13:43.116+0000] {standard_task_runner.py:90} INFO - Running: ['***', 'tasks', 'run', 'ecommerce_sales_pipeline', 'fetch_products', 'manual__2026-02-12T00:59:00.865686+00:00', '--job-id', '15', '--raw', '--subdir', 'DAGS_FOLDER/ecommerce_pipeline_dag.py', '--cfg-path', '/tmp/tmpaxguo_9o']
[2026-02-12T01:13:43.120+0000] {standard_task_runner.py:91} INFO - Job 15: Subtask fetch_products
[2026-02-12T01:13:43.193+0000] {task_command.py:426} INFO - Running <TaskInstance: ecommerce_sales_pipeline.fetch_products manual__2026-02-12T00:59:00.865686+00:00 [running]> on host 5f23c6a1a060
[2026-02-12T01:13:43.281+0000] {taskinstance.py:2648} INFO - Exporting env vars: AIRFLOW_CTX_DAG_EMAIL='admin@ecommerce-pipeline.com' AIRFLOW_CTX_DAG_OWNER='rakshith' AIRFLOW_CTX_DAG_ID='ecommerce_sales_pipeline' AIRFLOW_CTX_TASK_ID='fetch_products' AIRFLOW_CTX_EXECUTION_DATE='2026-02-12T00:59:00.865686+00:00' AIRFLOW_CTX_TRY_NUMBER='4' AIRFLOW_CTX_DAG_RUN_ID='manual__2026-02-12T00:59:00.865686+00:00'
[2026-02-12T01:13:43.282+0000] {taskinstance.py:430} INFO - ::endgroup::
[2026-02-12T01:13:43.535+0000] {ecommerce_pipeline_dag.py:50} INFO - Fetching products from Fake Store API...
[2026-02-12T01:13:43.743+0000] {ecommerce_pipeline_dag.py:56} INFO - Fetched 20 products from API
[2026-02-12T01:13:43.795+0000] {taskinstance.py:441} INFO - ::group::Post task execution logs
[2026-02-12T01:13:43.795+0000] {taskinstance.py:2905} ERROR - Task failed with exception
Traceback (most recent call last):
  File "/home/airflow/.local/lib/python3.12/site-packages/airflow/models/taskinstance.py", line 465, in _execute_task
    result = _execute_callable(context=context, **execute_callable_kwargs)
             ^^^^^^^^^^^^^^^^^^^^^^^^^^^^^^^^^^^^^^^^^^^^^^^^^^^^^^^^^^^^^
  File "/home/airflow/.local/lib/python3.12/site-packages/airflow/models/taskinstance.py", line 432, in _execute_callable
    return execute_callable(context=context, **execute_callable_kwargs)
           ^^^^^^^^^^^^^^^^^^^^^^^^^^^^^^^^^^^^^^^^^^^^^^^^^^^^^^^^^^^^
  File "/home/airflow/.local/lib/python3.12/site-packages/airflow/models/baseoperator.py", line 401, in wrapper
    return func(self, *args, **kwargs)
           ^^^^^^^^^^^^^^^^^^^^^^^^^^^
  File "/home/airflow/.local/lib/python3.12/site-packages/airflow/operators/python.py", line 235, in execute
    return_value = self.execute_callable()
                   ^^^^^^^^^^^^^^^^^^^^^^^
  File "/home/airflow/.local/lib/python3.12/site-packages/airflow/operators/python.py", line 252, in execute_callable
    return self.python_callable(*self.op_args, **self.op_kwargs)
           ^^^^^^^^^^^^^^^^^^^^^^^^^^^^^^^^^^^^^^^^^^^^^^^^^^^^^
  File "/opt/airflow/dags/ecommerce_pipeline_dag.py", line 76, in fetch_products_from_api
    cursor.execute("""
psycopg2.errors.InvalidColumnReference: there is no unique or exclusion constraint matching the ON CONFLICT specification

[2026-02-12T01:13:43.809+0000] {taskinstance.py:1206} INFO - Marking task as UP_FOR_RETRY. dag_id=ecommerce_sales_pipeline, task_id=fetch_products, run_id=manual__2026-02-12T00:59:00.865686+00:00, execution_date=20260212T005900, start_date=20260212T011343, end_date=20260212T011343
[2026-02-12T01:13:43.820+0000] {standard_task_runner.py:110} ERROR - Failed to execute job 15 for task fetch_products (there is no unique or exclusion constraint matching the ON CONFLICT specification
; 1157)
[2026-02-12T01:13:43.855+0000] {local_task_job_runner.py:243} INFO - Task exited with return code 1
[2026-02-12T01:13:43.878+0000] {taskinstance.py:3503} INFO - 0 downstream tasks scheduled from follow-on schedule check
[2026-02-12T01:13:43.880+0000] {local_task_job_runner.py:222} INFO - ::endgroup::
