[2026-02-12T01:12:39.426+0000] {local_task_job_runner.py:120} INFO - ::group::Pre task execution logs
[2026-02-12T01:12:39.474+0000] {taskinstance.py:2076} INFO - Dependencies all met for dep_context=non-requeueable deps ti=<TaskInstance: ecommerce_sales_pipeline.fetch_products manual__2026-02-12T01:09:15.752018+00:00 [queued]>
[2026-02-12T01:12:39.486+0000] {taskinstance.py:2076} INFO - Dependencies all met for dep_context=requeueable deps ti=<TaskInstance: ecommerce_sales_pipeline.fetch_products manual__2026-02-12T01:09:15.752018+00:00 [queued]>
[2026-02-12T01:12:39.487+0000] {taskinstance.py:2306} INFO - Starting attempt 3 of 5
[2026-02-12T01:12:39.503+0000] {taskinstance.py:2330} INFO - Executing <Task(PythonOperator): fetch_products> on 2026-02-12 01:09:15.752018+00:00
[2026-02-12T01:12:39.518+0000] {logging_mixin.py:188} WARNING - /home/***/.local/lib/python3.12/site-packages/***/task/task_runner/standard_task_runner.py:62 DeprecationWarning: This process (pid=1096) is multi-threaded, use of fork() may lead to deadlocks in the child.
[2026-02-12T01:12:39.516+0000] {standard_task_runner.py:90} INFO - Running: ['***', 'tasks', 'run', 'ecommerce_sales_pipeline', 'fetch_products', 'manual__2026-02-12T01:09:15.752018+00:00', '--job-id', '12', '--raw', '--subdir', 'DAGS_FOLDER/ecommerce_pipeline_dag.py', '--cfg-path', '/tmp/tmp9ouch45d']
[2026-02-12T01:12:39.521+0000] {standard_task_runner.py:91} INFO - Job 12: Subtask fetch_products
[2026-02-12T01:12:39.521+0000] {standard_task_runner.py:64} INFO - Started process 1098 to run task
[2026-02-12T01:12:39.631+0000] {task_command.py:426} INFO - Running <TaskInstance: ecommerce_sales_pipeline.fetch_products manual__2026-02-12T01:09:15.752018+00:00 [running]> on host 5f23c6a1a060
[2026-02-12T01:12:39.740+0000] {taskinstance.py:2648} INFO - Exporting env vars: AIRFLOW_CTX_DAG_EMAIL='admin@ecommerce-pipeline.com' AIRFLOW_CTX_DAG_OWNER='rakshith' AIRFLOW_CTX_DAG_ID='ecommerce_sales_pipeline' AIRFLOW_CTX_TASK_ID='fetch_products' AIRFLOW_CTX_EXECUTION_DATE='2026-02-12T01:09:15.752018+00:00' AIRFLOW_CTX_TRY_NUMBER='3' AIRFLOW_CTX_DAG_RUN_ID='manual__2026-02-12T01:09:15.752018+00:00'
[2026-02-12T01:12:39.742+0000] {taskinstance.py:430} INFO - ::endgroup::
[2026-02-12T01:12:40.028+0000] {ecommerce_pipeline_dag.py:50} INFO - Fetching products from Fake Store API...
[2026-02-12T01:12:40.668+0000] {ecommerce_pipeline_dag.py:56} INFO - Fetched 20 products from API
[2026-02-12T01:12:40.720+0000] {taskinstance.py:441} INFO - ::group::Post task execution logs
[2026-02-12T01:12:40.721+0000] {taskinstance.py:2905} ERROR - Task failed with exception
Traceback (most recent call last):
  File "/home/airflow/.local/lib/python3.12/site-packages/airflow/models/taskinstance.py", line 465, in _execute_task
    result = _execute_callable(context=context, **execute_callable_kwargs)
             ^^^^^^^^^^^^^^^^^^^^^^^^^^^^^^^^^^^^^^^^^^^^^^^^^^^^^^^^^^^^^
  File "/home/airflow/.local/lib/python3.12/site-packages/airflow/models/taskinstance.py", line 432, in _execute_callable
    return execute_callable(context=context, **execute_callable_kwargs)
           ^^^^^^^^^^^^^^^^^^^^^^^^^^^^^^^^^^^^^^^^^^^^^^^^^^^^^^^^^^^^
  File "/home/airflow/.local/lib/python3.12/site-packages/airflow/models/baseoperator.py", line 401, in wrapper
    return func(self, *args, **kwargs)
           ^^^^^^^^^^^^^^^^^^^^^^^^^^^
  File "/home/airflow/.local/lib/python3.12/site-packages/airflow/operators/python.py", line 235, in execute
    return_value = self.execute_callable()
                   ^^^^^^^^^^^^^^^^^^^^^^^
  File "/home/airflow/.local/lib/python3.12/site-packages/airflow/operators/python.py", line 252, in execute_callable
    return self.python_callable(*self.op_args, **self.op_kwargs)
           ^^^^^^^^^^^^^^^^^^^^^^^^^^^^^^^^^^^^^^^^^^^^^^^^^^^^^
  File "/opt/airflow/dags/ecommerce_pipeline_dag.py", line 76, in fetch_products_from_api
    cursor.execute("""
psycopg2.errors.InvalidColumnReference: there is no unique or exclusion constraint matching the ON CONFLICT specification

[2026-02-12T01:12:40.735+0000] {taskinstance.py:1206} INFO - Marking task as UP_FOR_RETRY. dag_id=ecommerce_sales_pipeline, task_id=fetch_products, run_id=manual__2026-02-12T01:09:15.752018+00:00, execution_date=20260212T010915, start_date=20260212T011239, end_date=20260212T011240
[2026-02-12T01:12:40.747+0000] {standard_task_runner.py:110} ERROR - Failed to execute job 12 for task fetch_products (there is no unique or exclusion constraint matching the ON CONFLICT specification
; 1098)
[2026-02-12T01:12:40.781+0000] {local_task_job_runner.py:243} INFO - Task exited with return code 1
[2026-02-12T01:12:40.805+0000] {taskinstance.py:3503} INFO - 0 downstream tasks scheduled from follow-on schedule check
[2026-02-12T01:12:40.808+0000] {local_task_job_runner.py:222} INFO - ::endgroup::
