[2026-02-12T09:01:05.280+0000] {local_task_job_runner.py:120} INFO - ::group::Pre task execution logs
[2026-02-12T09:01:05.435+0000] {taskinstance.py:2076} INFO - Dependencies all met for dep_context=non-requeueable deps ti=<TaskInstance: ecommerce_sales_pipeline.fetch_products scheduled__2026-02-12T07:00:00+00:00 [queued]>
[2026-02-12T09:01:05.461+0000] {taskinstance.py:2076} INFO - Dependencies all met for dep_context=requeueable deps ti=<TaskInstance: ecommerce_sales_pipeline.fetch_products scheduled__2026-02-12T07:00:00+00:00 [queued]>
[2026-02-12T09:01:05.463+0000] {taskinstance.py:2306} INFO - Starting attempt 1 of 3
[2026-02-12T09:01:05.480+0000] {taskinstance.py:2330} INFO - Executing <Task(PythonOperator): fetch_products> on 2026-02-12 07:00:00+00:00
[2026-02-12T09:01:05.490+0000] {logging_mixin.py:188} WARNING - /home/***/.local/lib/python3.12/site-packages/***/task/task_runner/standard_task_runner.py:62 DeprecationWarning: This process (pid=1243) is multi-threaded, use of fork() may lead to deadlocks in the child.
[2026-02-12T09:01:05.491+0000] {standard_task_runner.py:64} INFO - Started process 1251 to run task
[2026-02-12T09:01:05.489+0000] {standard_task_runner.py:90} INFO - Running: ['***', 'tasks', 'run', 'ecommerce_sales_pipeline', 'fetch_products', 'scheduled__2026-02-12T07:00:00+00:00', '--job-id', '40', '--raw', '--subdir', 'DAGS_FOLDER/ecommerce_pipeline_dag.py', '--cfg-path', '/tmp/tmpla9a29x3']
[2026-02-12T09:01:05.492+0000] {standard_task_runner.py:91} INFO - Job 40: Subtask fetch_products
[2026-02-12T09:01:05.941+0000] {task_command.py:426} INFO - Running <TaskInstance: ecommerce_sales_pipeline.fetch_products scheduled__2026-02-12T07:00:00+00:00 [running]> on host 2c81816151a4
[2026-02-12T09:01:06.783+0000] {taskinstance.py:2648} INFO - Exporting env vars: AIRFLOW_CTX_DAG_OWNER='rakshith' AIRFLOW_CTX_DAG_ID='ecommerce_sales_pipeline' AIRFLOW_CTX_TASK_ID='fetch_products' AIRFLOW_CTX_EXECUTION_DATE='2026-02-12T07:00:00+00:00' AIRFLOW_CTX_TRY_NUMBER='1' AIRFLOW_CTX_DAG_RUN_ID='scheduled__2026-02-12T07:00:00+00:00'
[2026-02-12T09:01:06.789+0000] {taskinstance.py:430} INFO - ::endgroup::
[2026-02-12T09:01:06.886+0000] {ecommerce_pipeline_dag.py:49} INFO - Fetching products from Fake Store API...
[2026-02-12T09:01:08.366+0000] {ecommerce_pipeline_dag.py:95} INFO - Products sync complete: 0 inserted, 20 updated
[2026-02-12T09:01:08.381+0000] {python.py:237} INFO - Done. Returned value was: {'inserted': 0, 'updated': 20}
[2026-02-12T09:01:08.390+0000] {taskinstance.py:441} INFO - ::group::Post task execution logs
[2026-02-12T09:01:08.703+0000] {taskinstance.py:1206} INFO - Marking task as SUCCESS. dag_id=ecommerce_sales_pipeline, task_id=fetch_products, run_id=scheduled__2026-02-12T07:00:00+00:00, execution_date=20260212T070000, start_date=20260212T090105, end_date=20260212T090108
[2026-02-12T09:01:09.115+0000] {local_task_job_runner.py:243} INFO - Task exited with return code 0
[2026-02-12T09:01:09.316+0000] {taskinstance.py:3503} INFO - 1 downstream tasks scheduled from follow-on schedule check
[2026-02-12T09:01:09.793+0000] {local_task_job_runner.py:222} INFO - ::endgroup::
