[2026-02-12T03:42:28.392+0000] {local_task_job_runner.py:120} INFO - ::group::Pre task execution logs
[2026-02-12T03:42:28.425+0000] {taskinstance.py:2076} INFO - Dependencies all met for dep_context=non-requeueable deps ti=<TaskInstance: ecommerce_sales_pipeline.log_pipeline_summary scheduled__2026-02-12T02:00:00+00:00 [queued]>
[2026-02-12T03:42:28.432+0000] {taskinstance.py:2076} INFO - Dependencies all met for dep_context=requeueable deps ti=<TaskInstance: ecommerce_sales_pipeline.log_pipeline_summary scheduled__2026-02-12T02:00:00+00:00 [queued]>
[2026-02-12T03:42:28.433+0000] {taskinstance.py:2306} INFO - Starting attempt 1 of 3
[2026-02-12T03:42:28.445+0000] {taskinstance.py:2330} INFO - Executing <Task(PythonOperator): log_pipeline_summary> on 2026-02-12 02:00:00+00:00
[2026-02-12T03:42:28.475+0000] {logging_mixin.py:188} WARNING - /home/***/.local/lib/python3.12/site-packages/***/task/task_runner/standard_task_runner.py:62 DeprecationWarning: This process (pid=676) is multi-threaded, use of fork() may lead to deadlocks in the child.
[2026-02-12T03:42:28.477+0000] {standard_task_runner.py:64} INFO - Started process 677 to run task
[2026-02-12T03:42:28.475+0000] {standard_task_runner.py:90} INFO - Running: ['***', 'tasks', 'run', 'ecommerce_sales_pipeline', 'log_pipeline_summary', 'scheduled__2026-02-12T02:00:00+00:00', '--job-id', '22', '--raw', '--subdir', 'DAGS_FOLDER/ecommerce_pipeline_dag.py', '--cfg-path', '/tmp/tmpc0hnz_vd']
[2026-02-12T03:42:28.478+0000] {standard_task_runner.py:91} INFO - Job 22: Subtask log_pipeline_summary
[2026-02-12T03:42:28.536+0000] {task_command.py:426} INFO - Running <TaskInstance: ecommerce_sales_pipeline.log_pipeline_summary scheduled__2026-02-12T02:00:00+00:00 [running]> on host 2c81816151a4
[2026-02-12T03:42:28.611+0000] {taskinstance.py:2648} INFO - Exporting env vars: AIRFLOW_CTX_DAG_OWNER='rakshith' AIRFLOW_CTX_DAG_ID='ecommerce_sales_pipeline' AIRFLOW_CTX_TASK_ID='log_pipeline_summary' AIRFLOW_CTX_EXECUTION_DATE='2026-02-12T02:00:00+00:00' AIRFLOW_CTX_TRY_NUMBER='1' AIRFLOW_CTX_DAG_RUN_ID='scheduled__2026-02-12T02:00:00+00:00'
[2026-02-12T03:42:28.612+0000] {taskinstance.py:430} INFO - ::endgroup::
[2026-02-12T03:42:28.640+0000] {ecommerce_pipeline_dag.py:234} INFO - 
    ═══════════════════════════════════════
    Pipeline Summary
    Products Inserted: 0
    Products Updated : 20
    Transactions     : 0
    ═══════════════════════════════════════
    
[2026-02-12T03:42:28.641+0000] {python.py:237} INFO - Done. Returned value was: None
[2026-02-12T03:42:28.641+0000] {taskinstance.py:441} INFO - ::group::Post task execution logs
[2026-02-12T03:42:28.650+0000] {taskinstance.py:1206} INFO - Marking task as SUCCESS. dag_id=ecommerce_sales_pipeline, task_id=log_pipeline_summary, run_id=scheduled__2026-02-12T02:00:00+00:00, execution_date=20260212T020000, start_date=20260212T034228, end_date=20260212T034228
[2026-02-12T03:42:28.691+0000] {local_task_job_runner.py:243} INFO - Task exited with return code 0
[2026-02-12T03:42:28.706+0000] {taskinstance.py:3503} INFO - 0 downstream tasks scheduled from follow-on schedule check
[2026-02-12T03:42:28.708+0000] {local_task_job_runner.py:222} INFO - ::endgroup::
