[2026-02-12T05:49:23.292+0000] {local_task_job_runner.py:120} INFO - ::group::Pre task execution logs
[2026-02-12T05:49:23.532+0000] {taskinstance.py:2076} INFO - Dependencies all met for dep_context=non-requeueable deps ti=<TaskInstance: ecommerce_sales_pipeline.log_pipeline_summary scheduled__2026-02-12T04:00:00+00:00 [queued]>
[2026-02-12T05:49:23.545+0000] {taskinstance.py:2076} INFO - Dependencies all met for dep_context=requeueable deps ti=<TaskInstance: ecommerce_sales_pipeline.log_pipeline_summary scheduled__2026-02-12T04:00:00+00:00 [queued]>
[2026-02-12T05:49:23.546+0000] {taskinstance.py:2306} INFO - Starting attempt 1 of 3
[2026-02-12T05:49:23.620+0000] {taskinstance.py:2330} INFO - Executing <Task(PythonOperator): log_pipeline_summary> on 2026-02-12 04:00:00+00:00
[2026-02-12T05:49:23.696+0000] {logging_mixin.py:188} WARNING - /home/***/.local/lib/python3.12/site-packages/***/task/task_runner/standard_task_runner.py:62 DeprecationWarning: This process (pid=885) is multi-threaded, use of fork() may lead to deadlocks in the child.
[2026-02-12T05:49:23.702+0000] {standard_task_runner.py:64} INFO - Started process 886 to run task
[2026-02-12T05:49:23.693+0000] {standard_task_runner.py:90} INFO - Running: ['***', 'tasks', 'run', 'ecommerce_sales_pipeline', 'log_pipeline_summary', 'scheduled__2026-02-12T04:00:00+00:00', '--job-id', '30', '--raw', '--subdir', 'DAGS_FOLDER/ecommerce_pipeline_dag.py', '--cfg-path', '/tmp/tmpvgg91etb']
[2026-02-12T05:49:23.705+0000] {standard_task_runner.py:91} INFO - Job 30: Subtask log_pipeline_summary
[2026-02-12T05:49:24.021+0000] {task_command.py:426} INFO - Running <TaskInstance: ecommerce_sales_pipeline.log_pipeline_summary scheduled__2026-02-12T04:00:00+00:00 [running]> on host 2c81816151a4
[2026-02-12T05:49:24.339+0000] {taskinstance.py:2648} INFO - Exporting env vars: AIRFLOW_CTX_DAG_OWNER='rakshith' AIRFLOW_CTX_DAG_ID='ecommerce_sales_pipeline' AIRFLOW_CTX_TASK_ID='log_pipeline_summary' AIRFLOW_CTX_EXECUTION_DATE='2026-02-12T04:00:00+00:00' AIRFLOW_CTX_TRY_NUMBER='1' AIRFLOW_CTX_DAG_RUN_ID='scheduled__2026-02-12T04:00:00+00:00'
[2026-02-12T05:49:24.344+0000] {taskinstance.py:430} INFO - ::endgroup::
[2026-02-12T05:49:24.454+0000] {ecommerce_pipeline_dag.py:234} INFO - 
    ═══════════════════════════════════════
    Pipeline Summary
    Products Inserted: 0
    Products Updated : 20
    Transactions     : 0
    ═══════════════════════════════════════
    
[2026-02-12T05:49:24.459+0000] {python.py:237} INFO - Done. Returned value was: None
[2026-02-12T05:49:24.460+0000] {taskinstance.py:441} INFO - ::group::Post task execution logs
[2026-02-12T05:49:24.504+0000] {taskinstance.py:1206} INFO - Marking task as SUCCESS. dag_id=ecommerce_sales_pipeline, task_id=log_pipeline_summary, run_id=scheduled__2026-02-12T04:00:00+00:00, execution_date=20260212T040000, start_date=20260212T054923, end_date=20260212T054924
[2026-02-12T05:49:24.660+0000] {local_task_job_runner.py:243} INFO - Task exited with return code 0
[2026-02-12T05:49:24.757+0000] {taskinstance.py:3503} INFO - 0 downstream tasks scheduled from follow-on schedule check
[2026-02-12T05:49:24.765+0000] {local_task_job_runner.py:222} INFO - ::endgroup::
