[2026-02-12T01:29:36.995+0000] {local_task_job_runner.py:120} INFO - ::group::Pre task execution logs
[2026-02-12T01:29:37.037+0000] {taskinstance.py:2076} INFO - Dependencies all met for dep_context=non-requeueable deps ti=<TaskInstance: ecommerce_sales_pipeline.run_etl_pipeline manual__2026-02-12T01:15:14.397012+00:00 [queued]>
[2026-02-12T01:29:37.050+0000] {taskinstance.py:2076} INFO - Dependencies all met for dep_context=requeueable deps ti=<TaskInstance: ecommerce_sales_pipeline.run_etl_pipeline manual__2026-02-12T01:15:14.397012+00:00 [queued]>
[2026-02-12T01:29:37.051+0000] {taskinstance.py:2306} INFO - Starting attempt 2 of 3
[2026-02-12T01:29:37.072+0000] {taskinstance.py:2330} INFO - Executing <Task(PythonOperator): run_etl_pipeline> on 2026-02-12 01:15:14.397012+00:00
[2026-02-12T01:29:37.086+0000] {logging_mixin.py:188} WARNING - /home/***/.local/lib/python3.12/site-packages/***/task/task_runner/standard_task_runner.py:62 DeprecationWarning: This process (pid=221) is multi-threaded, use of fork() may lead to deadlocks in the child.
[2026-02-12T01:29:37.084+0000] {standard_task_runner.py:90} INFO - Running: ['***', 'tasks', 'run', 'ecommerce_sales_pipeline', 'run_etl_pipeline', 'manual__2026-02-12T01:15:14.397012+00:00', '--job-id', '33', '--raw', '--subdir', 'DAGS_FOLDER/ecommerce_pipeline_dag.py', '--cfg-path', '/tmp/tmpbmwyhg52']
[2026-02-12T01:29:37.089+0000] {standard_task_runner.py:64} INFO - Started process 229 to run task
[2026-02-12T01:29:37.089+0000] {standard_task_runner.py:91} INFO - Job 33: Subtask run_etl_pipeline
[2026-02-12T01:29:37.217+0000] {task_command.py:426} INFO - Running <TaskInstance: ecommerce_sales_pipeline.run_etl_pipeline manual__2026-02-12T01:15:14.397012+00:00 [running]> on host 7b54abb0e169
[2026-02-12T01:29:37.310+0000] {taskinstance.py:2648} INFO - Exporting env vars: AIRFLOW_CTX_DAG_EMAIL='admin@ecommerce-pipeline.com' AIRFLOW_CTX_DAG_OWNER='rakshith' AIRFLOW_CTX_DAG_ID='ecommerce_sales_pipeline' AIRFLOW_CTX_TASK_ID='run_etl_pipeline' AIRFLOW_CTX_EXECUTION_DATE='2026-02-12T01:15:14.397012+00:00' AIRFLOW_CTX_TRY_NUMBER='2' AIRFLOW_CTX_DAG_RUN_ID='manual__2026-02-12T01:15:14.397012+00:00'
[2026-02-12T01:29:37.312+0000] {taskinstance.py:430} INFO - ::endgroup::
[2026-02-12T01:29:37.637+0000] {ecommerce_pipeline_dag.py:109} INFO - Starting ETL pipeline run...
[2026-02-12T01:29:37.716+0000] {taskinstance.py:441} INFO - ::group::Post task execution logs
[2026-02-12T01:29:37.717+0000] {taskinstance.py:2905} ERROR - Task failed with exception
Traceback (most recent call last):
  File "/home/airflow/.local/lib/python3.12/site-packages/airflow/models/taskinstance.py", line 465, in _execute_task
    result = _execute_callable(context=context, **execute_callable_kwargs)
             ^^^^^^^^^^^^^^^^^^^^^^^^^^^^^^^^^^^^^^^^^^^^^^^^^^^^^^^^^^^^^
  File "/home/airflow/.local/lib/python3.12/site-packages/airflow/models/taskinstance.py", line 432, in _execute_callable
    return execute_callable(context=context, **execute_callable_kwargs)
           ^^^^^^^^^^^^^^^^^^^^^^^^^^^^^^^^^^^^^^^^^^^^^^^^^^^^^^^^^^^^
  File "/home/airflow/.local/lib/python3.12/site-packages/airflow/models/baseoperator.py", line 401, in wrapper
    return func(self, *args, **kwargs)
           ^^^^^^^^^^^^^^^^^^^^^^^^^^^
  File "/home/airflow/.local/lib/python3.12/site-packages/airflow/operators/python.py", line 235, in execute
    return_value = self.execute_callable()
                   ^^^^^^^^^^^^^^^^^^^^^^^
  File "/home/airflow/.local/lib/python3.12/site-packages/airflow/operators/python.py", line 252, in execute_callable
    return self.python_callable(*self.op_args, **self.op_kwargs)
           ^^^^^^^^^^^^^^^^^^^^^^^^^^^^^^^^^^^^^^^^^^^^^^^^^^^^^
  File "/opt/airflow/dags/ecommerce_pipeline_dag.py", line 151, in run_etl_pipeline
    cursor.executemany("""
psycopg2.errors.UndefinedColumn: column "sale_date" of relation "sales_fact" does not exist
LINE 3: ...           (customer_id, product_id, location_id, sale_date,
                                                             ^

[2026-02-12T01:29:37.741+0000] {taskinstance.py:1206} INFO - Marking task as UP_FOR_RETRY. dag_id=ecommerce_sales_pipeline, task_id=run_etl_pipeline, run_id=manual__2026-02-12T01:15:14.397012+00:00, execution_date=20260212T011514, start_date=20260212T012937, end_date=20260212T012937
[2026-02-12T01:29:37.765+0000] {standard_task_runner.py:110} ERROR - Failed to execute job 33 for task run_etl_pipeline (column "sale_date" of relation "sales_fact" does not exist
LINE 3: ...           (customer_id, product_id, location_id, sale_date,
                                                             ^
; 229)
[2026-02-12T01:29:37.827+0000] {local_task_job_runner.py:243} INFO - Task exited with return code 1
[2026-02-12T01:29:38.062+0000] {taskinstance.py:3503} INFO - 0 downstream tasks scheduled from follow-on schedule check
[2026-02-12T01:29:38.065+0000] {local_task_job_runner.py:222} INFO - ::endgroup::
