[2026-02-12T04:45:43.256+0000] {local_task_job_runner.py:120} INFO - ::group::Pre task execution logs
[2026-02-12T04:45:43.316+0000] {taskinstance.py:2076} INFO - Dependencies all met for dep_context=non-requeueable deps ti=<TaskInstance: ecommerce_sales_pipeline.data_quality_checks scheduled__2026-02-12T03:00:00+00:00 [queued]>
[2026-02-12T04:45:43.328+0000] {taskinstance.py:2076} INFO - Dependencies all met for dep_context=requeueable deps ti=<TaskInstance: ecommerce_sales_pipeline.data_quality_checks scheduled__2026-02-12T03:00:00+00:00 [queued]>
[2026-02-12T04:45:43.328+0000] {taskinstance.py:2306} INFO - Starting attempt 1 of 3
[2026-02-12T04:45:43.368+0000] {taskinstance.py:2330} INFO - Executing <Task(PythonOperator): data_quality_checks> on 2026-02-12 03:00:00+00:00
[2026-02-12T04:45:43.386+0000] {logging_mixin.py:188} WARNING - /home/***/.local/lib/python3.12/site-packages/***/task/task_runner/standard_task_runner.py:62 DeprecationWarning: This process (pid=775) is multi-threaded, use of fork() may lead to deadlocks in the child.
[2026-02-12T04:45:43.385+0000] {standard_task_runner.py:90} INFO - Running: ['***', 'tasks', 'run', 'ecommerce_sales_pipeline', 'data_quality_checks', 'scheduled__2026-02-12T03:00:00+00:00', '--job-id', '25', '--raw', '--subdir', 'DAGS_FOLDER/ecommerce_pipeline_dag.py', '--cfg-path', '/tmp/tmp3gd3nd5m']
[2026-02-12T04:45:43.388+0000] {standard_task_runner.py:64} INFO - Started process 776 to run task
[2026-02-12T04:45:43.389+0000] {standard_task_runner.py:91} INFO - Job 25: Subtask data_quality_checks
[2026-02-12T04:45:43.515+0000] {task_command.py:426} INFO - Running <TaskInstance: ecommerce_sales_pipeline.data_quality_checks scheduled__2026-02-12T03:00:00+00:00 [running]> on host 2c81816151a4
[2026-02-12T04:45:43.670+0000] {taskinstance.py:2648} INFO - Exporting env vars: AIRFLOW_CTX_DAG_OWNER='rakshith' AIRFLOW_CTX_DAG_ID='ecommerce_sales_pipeline' AIRFLOW_CTX_TASK_ID='data_quality_checks' AIRFLOW_CTX_EXECUTION_DATE='2026-02-12T03:00:00+00:00' AIRFLOW_CTX_TRY_NUMBER='1' AIRFLOW_CTX_DAG_RUN_ID='scheduled__2026-02-12T03:00:00+00:00'
[2026-02-12T04:45:43.671+0000] {taskinstance.py:430} INFO - ::endgroup::
[2026-02-12T04:45:43.684+0000] {ecommerce_pipeline_dag.py:180} INFO - Running data quality checks...
[2026-02-12T04:45:44.329+0000] {ecommerce_pipeline_dag.py:222} INFO - All data quality checks passed!
[2026-02-12T04:45:44.332+0000] {python.py:237} INFO - Done. Returned value was: {'status': 'all_checks_passed'}
[2026-02-12T04:45:44.333+0000] {taskinstance.py:441} INFO - ::group::Post task execution logs
[2026-02-12T04:45:44.414+0000] {taskinstance.py:1206} INFO - Marking task as SUCCESS. dag_id=ecommerce_sales_pipeline, task_id=data_quality_checks, run_id=scheduled__2026-02-12T03:00:00+00:00, execution_date=20260212T030000, start_date=20260212T044543, end_date=20260212T044544
[2026-02-12T04:45:44.492+0000] {local_task_job_runner.py:243} INFO - Task exited with return code 0
[2026-02-12T04:45:44.620+0000] {taskinstance.py:3503} INFO - 1 downstream tasks scheduled from follow-on schedule check
[2026-02-12T04:45:44.628+0000] {local_task_job_runner.py:222} INFO - ::endgroup::
