[2026-02-12T09:01:19.194+0000] {local_task_job_runner.py:120} INFO - ::group::Pre task execution logs
[2026-02-12T09:01:19.267+0000] {taskinstance.py:2076} INFO - Dependencies all met for dep_context=non-requeueable deps ti=<TaskInstance: ecommerce_sales_pipeline.run_etl_pipeline scheduled__2026-02-12T08:00:00+00:00 [queued]>
[2026-02-12T09:01:19.275+0000] {taskinstance.py:2076} INFO - Dependencies all met for dep_context=requeueable deps ti=<TaskInstance: ecommerce_sales_pipeline.run_etl_pipeline scheduled__2026-02-12T08:00:00+00:00 [queued]>
[2026-02-12T09:01:19.276+0000] {taskinstance.py:2306} INFO - Starting attempt 1 of 3
[2026-02-12T09:01:19.289+0000] {taskinstance.py:2330} INFO - Executing <Task(PythonOperator): run_etl_pipeline> on 2026-02-12 08:00:00+00:00
[2026-02-12T09:01:19.345+0000] {logging_mixin.py:188} WARNING - /home/***/.local/lib/python3.12/site-packages/***/task/task_runner/standard_task_runner.py:62 DeprecationWarning: This process (pid=1259) is multi-threaded, use of fork() may lead to deadlocks in the child.
[2026-02-12T09:01:19.345+0000] {standard_task_runner.py:90} INFO - Running: ['***', 'tasks', 'run', 'ecommerce_sales_pipeline', 'run_etl_pipeline', 'scheduled__2026-02-12T08:00:00+00:00', '--job-id', '42', '--raw', '--subdir', 'DAGS_FOLDER/ecommerce_pipeline_dag.py', '--cfg-path', '/tmp/tmpwf1hupl1']
[2026-02-12T09:01:19.347+0000] {standard_task_runner.py:64} INFO - Started process 1261 to run task
[2026-02-12T09:01:19.348+0000] {standard_task_runner.py:91} INFO - Job 42: Subtask run_etl_pipeline
[2026-02-12T09:01:20.493+0000] {task_command.py:426} INFO - Running <TaskInstance: ecommerce_sales_pipeline.run_etl_pipeline scheduled__2026-02-12T08:00:00+00:00 [running]> on host 2c81816151a4
[2026-02-12T09:01:20.689+0000] {taskinstance.py:2648} INFO - Exporting env vars: AIRFLOW_CTX_DAG_OWNER='rakshith' AIRFLOW_CTX_DAG_ID='ecommerce_sales_pipeline' AIRFLOW_CTX_TASK_ID='run_etl_pipeline' AIRFLOW_CTX_EXECUTION_DATE='2026-02-12T08:00:00+00:00' AIRFLOW_CTX_TRY_NUMBER='1' AIRFLOW_CTX_DAG_RUN_ID='scheduled__2026-02-12T08:00:00+00:00'
[2026-02-12T09:01:20.690+0000] {taskinstance.py:430} INFO - ::endgroup::
[2026-02-12T09:01:20.704+0000] {ecommerce_pipeline_dag.py:103} INFO - Starting ETL pipeline run...
[2026-02-12T09:01:22.097+0000] {ecommerce_pipeline_dag.py:172} INFO - ETL complete: 114 transactions loaded
[2026-02-12T09:01:22.098+0000] {python.py:237} INFO - Done. Returned value was: {'transactions_loaded': 114}
[2026-02-12T09:01:22.099+0000] {taskinstance.py:441} INFO - ::group::Post task execution logs
[2026-02-12T09:01:22.131+0000] {taskinstance.py:1206} INFO - Marking task as SUCCESS. dag_id=ecommerce_sales_pipeline, task_id=run_etl_pipeline, run_id=scheduled__2026-02-12T08:00:00+00:00, execution_date=20260212T080000, start_date=20260212T090119, end_date=20260212T090122
[2026-02-12T09:01:22.256+0000] {local_task_job_runner.py:243} INFO - Task exited with return code 0
[2026-02-12T09:01:22.278+0000] {taskinstance.py:3503} INFO - 0 downstream tasks scheduled from follow-on schedule check
[2026-02-12T09:01:22.280+0000] {local_task_job_runner.py:222} INFO - ::endgroup::
