[2026-02-12T01:28:56.459+0000] {local_task_job_runner.py:120} INFO - ::group::Pre task execution logs
[2026-02-12T01:28:56.489+0000] {taskinstance.py:2076} INFO - Dependencies all met for dep_context=non-requeueable deps ti=<TaskInstance: ecommerce_sales_pipeline.fetch_products scheduled__2026-02-11T23:00:00+00:00 [queued]>
[2026-02-12T01:28:56.496+0000] {taskinstance.py:2076} INFO - Dependencies all met for dep_context=requeueable deps ti=<TaskInstance: ecommerce_sales_pipeline.fetch_products scheduled__2026-02-11T23:00:00+00:00 [queued]>
[2026-02-12T01:28:56.496+0000] {taskinstance.py:2306} INFO - Starting attempt 8 of 9
[2026-02-12T01:28:56.509+0000] {taskinstance.py:2330} INFO - Executing <Task(PythonOperator): fetch_products> on 2026-02-11 23:00:00+00:00
[2026-02-12T01:28:56.522+0000] {logging_mixin.py:188} WARNING - /home/***/.local/lib/python3.12/site-packages/***/task/task_runner/standard_task_runner.py:62 DeprecationWarning: This process (pid=185) is multi-threaded, use of fork() may lead to deadlocks in the child.
[2026-02-12T01:28:56.521+0000] {standard_task_runner.py:90} INFO - Running: ['***', 'tasks', 'run', 'ecommerce_sales_pipeline', 'fetch_products', 'scheduled__2026-02-11T23:00:00+00:00', '--job-id', '31', '--raw', '--subdir', 'DAGS_FOLDER/ecommerce_pipeline_dag.py', '--cfg-path', '/tmp/tmp_xyf4w3t']
[2026-02-12T01:28:56.525+0000] {standard_task_runner.py:64} INFO - Started process 188 to run task
[2026-02-12T01:28:56.525+0000] {standard_task_runner.py:91} INFO - Job 31: Subtask fetch_products
[2026-02-12T01:28:56.948+0000] {task_command.py:426} INFO - Running <TaskInstance: ecommerce_sales_pipeline.fetch_products scheduled__2026-02-11T23:00:00+00:00 [running]> on host 7b54abb0e169
[2026-02-12T01:28:57.280+0000] {taskinstance.py:2648} INFO - Exporting env vars: AIRFLOW_CTX_DAG_EMAIL='admin@ecommerce-pipeline.com' AIRFLOW_CTX_DAG_OWNER='rakshith' AIRFLOW_CTX_DAG_ID='ecommerce_sales_pipeline' AIRFLOW_CTX_TASK_ID='fetch_products' AIRFLOW_CTX_EXECUTION_DATE='2026-02-11T23:00:00+00:00' AIRFLOW_CTX_TRY_NUMBER='8' AIRFLOW_CTX_DAG_RUN_ID='scheduled__2026-02-11T23:00:00+00:00'
[2026-02-12T01:28:57.282+0000] {taskinstance.py:430} INFO - ::endgroup::
[2026-02-12T01:28:57.312+0000] {ecommerce_pipeline_dag.py:50} INFO - Fetching products from Fake Store API...
[2026-02-12T01:28:57.941+0000] {ecommerce_pipeline_dag.py:56} INFO - Fetched 20 products from API
[2026-02-12T01:28:58.020+0000] {ecommerce_pipeline_dag.py:100} INFO - Products sync complete: 0 inserted, 20 updated
[2026-02-12T01:28:58.021+0000] {python.py:237} INFO - Done. Returned value was: {'inserted': 0, 'updated': 20}
[2026-02-12T01:28:58.021+0000] {taskinstance.py:441} INFO - ::group::Post task execution logs
[2026-02-12T01:28:58.043+0000] {taskinstance.py:1206} INFO - Marking task as SUCCESS. dag_id=ecommerce_sales_pipeline, task_id=fetch_products, run_id=scheduled__2026-02-11T23:00:00+00:00, execution_date=20260211T230000, start_date=20260212T012856, end_date=20260212T012858
[2026-02-12T01:28:58.105+0000] {local_task_job_runner.py:243} INFO - Task exited with return code 0
[2026-02-12T01:28:58.128+0000] {taskinstance.py:3503} INFO - 1 downstream tasks scheduled from follow-on schedule check
[2026-02-12T01:28:58.130+0000] {local_task_job_runner.py:222} INFO - ::endgroup::
