[2026-02-12T01:19:26.383+0000] {local_task_job_runner.py:120} INFO - ::group::Pre task execution logs
[2026-02-12T01:19:26.413+0000] {taskinstance.py:2076} INFO - Dependencies all met for dep_context=non-requeueable deps ti=<TaskInstance: ecommerce_sales_pipeline.fetch_products scheduled__2026-02-11T23:00:00+00:00 [queued]>
[2026-02-12T01:19:26.424+0000] {taskinstance.py:2076} INFO - Dependencies all met for dep_context=requeueable deps ti=<TaskInstance: ecommerce_sales_pipeline.fetch_products scheduled__2026-02-11T23:00:00+00:00 [queued]>
[2026-02-12T01:19:26.425+0000] {taskinstance.py:2306} INFO - Starting attempt 6 of 7
[2026-02-12T01:19:26.438+0000] {taskinstance.py:2330} INFO - Executing <Task(PythonOperator): fetch_products> on 2026-02-11 23:00:00+00:00
[2026-02-12T01:19:26.449+0000] {logging_mixin.py:188} WARNING - /home/***/.local/lib/python3.12/site-packages/***/task/task_runner/standard_task_runner.py:62 DeprecationWarning: This process (pid=1419) is multi-threaded, use of fork() may lead to deadlocks in the child.
[2026-02-12T01:19:26.447+0000] {standard_task_runner.py:90} INFO - Running: ['***', 'tasks', 'run', 'ecommerce_sales_pipeline', 'fetch_products', 'scheduled__2026-02-11T23:00:00+00:00', '--job-id', '22', '--raw', '--subdir', 'DAGS_FOLDER/ecommerce_pipeline_dag.py', '--cfg-path', '/tmp/tmpmhhapscm']
[2026-02-12T01:19:26.450+0000] {standard_task_runner.py:64} INFO - Started process 1423 to run task
[2026-02-12T01:19:26.451+0000] {standard_task_runner.py:91} INFO - Job 22: Subtask fetch_products
[2026-02-12T01:19:26.541+0000] {task_command.py:426} INFO - Running <TaskInstance: ecommerce_sales_pipeline.fetch_products scheduled__2026-02-11T23:00:00+00:00 [running]> on host 5f23c6a1a060
[2026-02-12T01:19:26.619+0000] {taskinstance.py:2648} INFO - Exporting env vars: AIRFLOW_CTX_DAG_EMAIL='admin@ecommerce-pipeline.com' AIRFLOW_CTX_DAG_OWNER='rakshith' AIRFLOW_CTX_DAG_ID='ecommerce_sales_pipeline' AIRFLOW_CTX_TASK_ID='fetch_products' AIRFLOW_CTX_EXECUTION_DATE='2026-02-11T23:00:00+00:00' AIRFLOW_CTX_TRY_NUMBER='6' AIRFLOW_CTX_DAG_RUN_ID='scheduled__2026-02-11T23:00:00+00:00'
[2026-02-12T01:19:26.620+0000] {taskinstance.py:430} INFO - ::endgroup::
[2026-02-12T01:19:26.831+0000] {ecommerce_pipeline_dag.py:50} INFO - Fetching products from Fake Store API...
[2026-02-12T01:19:27.058+0000] {ecommerce_pipeline_dag.py:56} INFO - Fetched 20 products from API
[2026-02-12T01:19:27.124+0000] {taskinstance.py:441} INFO - ::group::Post task execution logs
[2026-02-12T01:19:27.125+0000] {taskinstance.py:2905} ERROR - Task failed with exception
Traceback (most recent call last):
  File "/home/airflow/.local/lib/python3.12/site-packages/airflow/models/taskinstance.py", line 465, in _execute_task
    result = _execute_callable(context=context, **execute_callable_kwargs)
             ^^^^^^^^^^^^^^^^^^^^^^^^^^^^^^^^^^^^^^^^^^^^^^^^^^^^^^^^^^^^^
  File "/home/airflow/.local/lib/python3.12/site-packages/airflow/models/taskinstance.py", line 432, in _execute_callable
    return execute_callable(context=context, **execute_callable_kwargs)
           ^^^^^^^^^^^^^^^^^^^^^^^^^^^^^^^^^^^^^^^^^^^^^^^^^^^^^^^^^^^^
  File "/home/airflow/.local/lib/python3.12/site-packages/airflow/models/baseoperator.py", line 401, in wrapper
    return func(self, *args, **kwargs)
           ^^^^^^^^^^^^^^^^^^^^^^^^^^^
  File "/home/airflow/.local/lib/python3.12/site-packages/airflow/operators/python.py", line 235, in execute
    return_value = self.execute_callable()
                   ^^^^^^^^^^^^^^^^^^^^^^^
  File "/home/airflow/.local/lib/python3.12/site-packages/airflow/operators/python.py", line 252, in execute_callable
    return self.python_callable(*self.op_args, **self.op_kwargs)
           ^^^^^^^^^^^^^^^^^^^^^^^^^^^^^^^^^^^^^^^^^^^^^^^^^^^^^
  File "/opt/airflow/dags/ecommerce_pipeline_dag.py", line 76, in fetch_products_from_api
    cursor.execute("""
psycopg2.errors.InvalidColumnReference: there is no unique or exclusion constraint matching the ON CONFLICT specification

[2026-02-12T01:19:27.145+0000] {taskinstance.py:1206} INFO - Marking task as UP_FOR_RETRY. dag_id=ecommerce_sales_pipeline, task_id=fetch_products, run_id=scheduled__2026-02-11T23:00:00+00:00, execution_date=20260211T230000, start_date=20260212T011926, end_date=20260212T011927
[2026-02-12T01:19:27.164+0000] {standard_task_runner.py:110} ERROR - Failed to execute job 22 for task fetch_products (there is no unique or exclusion constraint matching the ON CONFLICT specification
; 1423)
[2026-02-12T01:19:27.203+0000] {local_task_job_runner.py:243} INFO - Task exited with return code 1
[2026-02-12T01:19:27.254+0000] {taskinstance.py:3503} INFO - 0 downstream tasks scheduled from follow-on schedule check
[2026-02-12T01:19:27.256+0000] {local_task_job_runner.py:222} INFO - ::endgroup::
