[2026-02-12T01:09:25.378+0000] {local_task_job_runner.py:120} INFO - ::group::Pre task execution logs
[2026-02-12T01:09:27.596+0000] {taskinstance.py:2076} INFO - Dependencies all met for dep_context=non-requeueable deps ti=<TaskInstance: ecommerce_sales_pipeline.fetch_products scheduled__2026-02-11T23:00:00+00:00 [queued]>
[2026-02-12T01:09:27.759+0000] {taskinstance.py:2076} INFO - Dependencies all met for dep_context=requeueable deps ti=<TaskInstance: ecommerce_sales_pipeline.fetch_products scheduled__2026-02-11T23:00:00+00:00 [queued]>
[2026-02-12T01:09:28.061+0000] {taskinstance.py:2306} INFO - Starting attempt 3 of 3
[2026-02-12T01:09:28.573+0000] {taskinstance.py:2330} INFO - Executing <Task(PythonOperator): fetch_products> on 2026-02-11 23:00:00+00:00
[2026-02-12T01:09:32.155+0000] {logging_mixin.py:188} WARNING - /home/***/.local/lib/python3.12/site-packages/***/task/task_runner/standard_task_runner.py:62 DeprecationWarning: This process (pid=963) is multi-threaded, use of fork() may lead to deadlocks in the child.
[2026-02-12T01:09:32.595+0000] {standard_task_runner.py:64} INFO - Started process 979 to run task
[2026-02-12T01:09:31.116+0000] {standard_task_runner.py:90} INFO - Running: ['***', 'tasks', 'run', 'ecommerce_sales_pipeline', 'fetch_products', 'scheduled__2026-02-11T23:00:00+00:00', '--job-id', '8', '--raw', '--subdir', 'DAGS_FOLDER/ecommerce_pipeline_dag.py', '--cfg-path', '/tmp/tmpolq8s7y_']
[2026-02-12T01:09:33.092+0000] {standard_task_runner.py:91} INFO - Job 8: Subtask fetch_products
[2026-02-12T01:09:39.862+0000] {task_command.py:426} INFO - Running <TaskInstance: ecommerce_sales_pipeline.fetch_products scheduled__2026-02-11T23:00:00+00:00 [running]> on host 5f23c6a1a060
[2026-02-12T01:09:55.571+0000] {taskinstance.py:2648} INFO - Exporting env vars: AIRFLOW_CTX_DAG_EMAIL='admin@ecommerce-pipeline.com' AIRFLOW_CTX_DAG_OWNER='rakshith' AIRFLOW_CTX_DAG_ID='ecommerce_sales_pipeline' AIRFLOW_CTX_TASK_ID='fetch_products' AIRFLOW_CTX_EXECUTION_DATE='2026-02-11T23:00:00+00:00' AIRFLOW_CTX_TRY_NUMBER='3' AIRFLOW_CTX_DAG_RUN_ID='scheduled__2026-02-11T23:00:00+00:00'
[2026-02-12T01:09:55.638+0000] {taskinstance.py:430} INFO - ::endgroup::
[2026-02-12T01:10:09.244+0000] {ecommerce_pipeline_dag.py:50} INFO - Fetching products from Fake Store API...
[2026-02-12T01:10:10.176+0000] {ecommerce_pipeline_dag.py:56} INFO - Fetched 20 products from API
[2026-02-12T01:10:10.255+0000] {taskinstance.py:441} INFO - ::group::Post task execution logs
[2026-02-12T01:10:10.304+0000] {taskinstance.py:2905} ERROR - Task failed with exception
Traceback (most recent call last):
  File "/home/airflow/.local/lib/python3.12/site-packages/airflow/models/taskinstance.py", line 465, in _execute_task
    result = _execute_callable(context=context, **execute_callable_kwargs)
             ^^^^^^^^^^^^^^^^^^^^^^^^^^^^^^^^^^^^^^^^^^^^^^^^^^^^^^^^^^^^^
  File "/home/airflow/.local/lib/python3.12/site-packages/airflow/models/taskinstance.py", line 432, in _execute_callable
    return execute_callable(context=context, **execute_callable_kwargs)
           ^^^^^^^^^^^^^^^^^^^^^^^^^^^^^^^^^^^^^^^^^^^^^^^^^^^^^^^^^^^^
  File "/home/airflow/.local/lib/python3.12/site-packages/airflow/models/baseoperator.py", line 401, in wrapper
    return func(self, *args, **kwargs)
           ^^^^^^^^^^^^^^^^^^^^^^^^^^^
  File "/home/airflow/.local/lib/python3.12/site-packages/airflow/operators/python.py", line 235, in execute
    return_value = self.execute_callable()
                   ^^^^^^^^^^^^^^^^^^^^^^^
  File "/home/airflow/.local/lib/python3.12/site-packages/airflow/operators/python.py", line 252, in execute_callable
    return self.python_callable(*self.op_args, **self.op_kwargs)
           ^^^^^^^^^^^^^^^^^^^^^^^^^^^^^^^^^^^^^^^^^^^^^^^^^^^^^
  File "/opt/airflow/dags/ecommerce_pipeline_dag.py", line 76, in fetch_products_from_api
    cursor.execute("""
psycopg2.errors.InvalidColumnReference: there is no unique or exclusion constraint matching the ON CONFLICT specification

[2026-02-12T01:10:10.323+0000] {taskinstance.py:1206} INFO - Marking task as FAILED. dag_id=ecommerce_sales_pipeline, task_id=fetch_products, run_id=scheduled__2026-02-11T23:00:00+00:00, execution_date=20260211T230000, start_date=20260212T010927, end_date=20260212T011010
[2026-02-12T01:10:10.344+0000] {standard_task_runner.py:110} ERROR - Failed to execute job 8 for task fetch_products (there is no unique or exclusion constraint matching the ON CONFLICT specification
; 979)
[2026-02-12T01:10:10.372+0000] {local_task_job_runner.py:243} INFO - Task exited with return code 1
[2026-02-12T01:10:10.422+0000] {taskinstance.py:3503} INFO - 0 downstream tasks scheduled from follow-on schedule check
[2026-02-12T01:10:10.527+0000] {local_task_job_runner.py:222} INFO - ::endgroup::
