[2026-02-12T06:53:18.433+0000] {local_task_job_runner.py:120} INFO - ::group::Pre task execution logs
[2026-02-12T06:53:18.467+0000] {taskinstance.py:2076} INFO - Dependencies all met for dep_context=non-requeueable deps ti=<TaskInstance: ecommerce_sales_pipeline.run_etl_pipeline scheduled__2026-02-12T05:00:00+00:00 [queued]>
[2026-02-12T06:53:18.547+0000] {taskinstance.py:2076} INFO - Dependencies all met for dep_context=requeueable deps ti=<TaskInstance: ecommerce_sales_pipeline.run_etl_pipeline scheduled__2026-02-12T05:00:00+00:00 [queued]>
[2026-02-12T06:53:18.548+0000] {taskinstance.py:2306} INFO - Starting attempt 1 of 3
[2026-02-12T06:53:18.561+0000] {taskinstance.py:2330} INFO - Executing <Task(PythonOperator): run_etl_pipeline> on 2026-02-12 05:00:00+00:00
[2026-02-12T06:53:18.569+0000] {logging_mixin.py:188} WARNING - /home/***/.local/lib/python3.12/site-packages/***/task/task_runner/standard_task_runner.py:62 DeprecationWarning: This process (pid=1002) is multi-threaded, use of fork() may lead to deadlocks in the child.
[2026-02-12T06:53:18.571+0000] {standard_task_runner.py:64} INFO - Started process 1003 to run task
[2026-02-12T06:53:18.569+0000] {standard_task_runner.py:90} INFO - Running: ['***', 'tasks', 'run', 'ecommerce_sales_pipeline', 'run_etl_pipeline', 'scheduled__2026-02-12T05:00:00+00:00', '--job-id', '32', '--raw', '--subdir', 'DAGS_FOLDER/ecommerce_pipeline_dag.py', '--cfg-path', '/tmp/tmp8tlumf0_']
[2026-02-12T06:53:18.572+0000] {standard_task_runner.py:91} INFO - Job 32: Subtask run_etl_pipeline
[2026-02-12T06:53:19.305+0000] {task_command.py:426} INFO - Running <TaskInstance: ecommerce_sales_pipeline.run_etl_pipeline scheduled__2026-02-12T05:00:00+00:00 [running]> on host 2c81816151a4
[2026-02-12T06:53:19.728+0000] {taskinstance.py:2648} INFO - Exporting env vars: AIRFLOW_CTX_DAG_OWNER='rakshith' AIRFLOW_CTX_DAG_ID='ecommerce_sales_pipeline' AIRFLOW_CTX_TASK_ID='run_etl_pipeline' AIRFLOW_CTX_EXECUTION_DATE='2026-02-12T05:00:00+00:00' AIRFLOW_CTX_TRY_NUMBER='1' AIRFLOW_CTX_DAG_RUN_ID='scheduled__2026-02-12T05:00:00+00:00'
[2026-02-12T06:53:19.729+0000] {taskinstance.py:430} INFO - ::endgroup::
[2026-02-12T06:53:19.746+0000] {ecommerce_pipeline_dag.py:103} INFO - Starting ETL pipeline run...
[2026-02-12T06:53:21.714+0000] {ecommerce_pipeline_dag.py:172} INFO - ETL complete: 66 transactions loaded
[2026-02-12T06:53:21.718+0000] {python.py:237} INFO - Done. Returned value was: {'transactions_loaded': 66}
[2026-02-12T06:53:21.722+0000] {taskinstance.py:441} INFO - ::group::Post task execution logs
[2026-02-12T06:53:21.938+0000] {taskinstance.py:1206} INFO - Marking task as SUCCESS. dag_id=ecommerce_sales_pipeline, task_id=run_etl_pipeline, run_id=scheduled__2026-02-12T05:00:00+00:00, execution_date=20260212T050000, start_date=20260212T065318, end_date=20260212T065321
[2026-02-12T06:53:22.166+0000] {local_task_job_runner.py:243} INFO - Task exited with return code 0
[2026-02-12T06:53:22.393+0000] {taskinstance.py:3503} INFO - 0 downstream tasks scheduled from follow-on schedule check
[2026-02-12T06:53:22.404+0000] {local_task_job_runner.py:222} INFO - ::endgroup::
