[2026-02-12T02:00:01.833+0000] {local_task_job_runner.py:120} INFO - ::group::Pre task execution logs
[2026-02-12T02:00:01.874+0000] {taskinstance.py:2076} INFO - Dependencies all met for dep_context=non-requeueable deps ti=<TaskInstance: ecommerce_sales_pipeline.fetch_products scheduled__2026-02-12T01:00:00+00:00 [queued]>
[2026-02-12T02:00:01.883+0000] {taskinstance.py:2076} INFO - Dependencies all met for dep_context=requeueable deps ti=<TaskInstance: ecommerce_sales_pipeline.fetch_products scheduled__2026-02-12T01:00:00+00:00 [queued]>
[2026-02-12T02:00:01.884+0000] {taskinstance.py:2306} INFO - Starting attempt 1 of 3
[2026-02-12T02:00:01.898+0000] {taskinstance.py:2330} INFO - Executing <Task(PythonOperator): fetch_products> on 2026-02-12 01:00:00+00:00
[2026-02-12T02:00:01.914+0000] {logging_mixin.py:188} WARNING - /home/***/.local/lib/python3.12/site-packages/***/task/task_runner/standard_task_runner.py:62 DeprecationWarning: This process (pid=670) is multi-threaded, use of fork() may lead to deadlocks in the child.
[2026-02-12T02:00:01.910+0000] {standard_task_runner.py:90} INFO - Running: ['***', 'tasks', 'run', 'ecommerce_sales_pipeline', 'fetch_products', 'scheduled__2026-02-12T01:00:00+00:00', '--job-id', '8', '--raw', '--subdir', 'DAGS_FOLDER/ecommerce_pipeline_dag.py', '--cfg-path', '/tmp/tmpdz_b0sk5']
[2026-02-12T02:00:01.916+0000] {standard_task_runner.py:64} INFO - Started process 676 to run task
[2026-02-12T02:00:01.916+0000] {standard_task_runner.py:91} INFO - Job 8: Subtask fetch_products
[2026-02-12T02:00:02.007+0000] {task_command.py:426} INFO - Running <TaskInstance: ecommerce_sales_pipeline.fetch_products scheduled__2026-02-12T01:00:00+00:00 [running]> on host 2c81816151a4
[2026-02-12T02:00:03.188+0000] {taskinstance.py:2648} INFO - Exporting env vars: AIRFLOW_CTX_DAG_EMAIL='admin@ecommerce-pipeline.com' AIRFLOW_CTX_DAG_OWNER='rakshith' AIRFLOW_CTX_DAG_ID='ecommerce_sales_pipeline' AIRFLOW_CTX_TASK_ID='fetch_products' AIRFLOW_CTX_EXECUTION_DATE='2026-02-12T01:00:00+00:00' AIRFLOW_CTX_TRY_NUMBER='1' AIRFLOW_CTX_DAG_RUN_ID='scheduled__2026-02-12T01:00:00+00:00'
[2026-02-12T02:00:03.234+0000] {taskinstance.py:430} INFO - ::endgroup::
[2026-02-12T02:00:03.248+0000] {ecommerce_pipeline_dag.py:50} INFO - Fetching products from Fake Store API...
[2026-02-12T02:00:04.628+0000] {ecommerce_pipeline_dag.py:56} INFO - Fetched 20 products from API
[2026-02-12T02:00:04.934+0000] {ecommerce_pipeline_dag.py:100} INFO - Products sync complete: 0 inserted, 20 updated
[2026-02-12T02:00:05.122+0000] {python.py:237} INFO - Done. Returned value was: {'inserted': 0, 'updated': 20}
[2026-02-12T02:00:05.183+0000] {taskinstance.py:441} INFO - ::group::Post task execution logs
[2026-02-12T02:00:23.312+0000] {taskinstance.py:1206} INFO - Marking task as SUCCESS. dag_id=ecommerce_sales_pipeline, task_id=fetch_products, run_id=scheduled__2026-02-12T01:00:00+00:00, execution_date=20260212T010000, start_date=20260212T020001, end_date=20260212T020023
[2026-02-12T02:00:23.444+0000] {local_task_job_runner.py:243} INFO - Task exited with return code 0
[2026-02-12T02:00:23.520+0000] {taskinstance.py:3503} INFO - 1 downstream tasks scheduled from follow-on schedule check
[2026-02-12T02:00:23.523+0000] {local_task_job_runner.py:222} INFO - ::endgroup::
