[2026-02-12T02:05:39.106+0000] {local_task_job_runner.py:120} INFO - ::group::Pre task execution logs
[2026-02-12T02:05:39.147+0000] {taskinstance.py:2076} INFO - Dependencies all met for dep_context=non-requeueable deps ti=<TaskInstance: ecommerce_sales_pipeline.run_etl_pipeline scheduled__2026-02-12T01:00:00+00:00 [queued]>
[2026-02-12T02:05:39.156+0000] {taskinstance.py:2076} INFO - Dependencies all met for dep_context=requeueable deps ti=<TaskInstance: ecommerce_sales_pipeline.run_etl_pipeline scheduled__2026-02-12T01:00:00+00:00 [queued]>
[2026-02-12T02:05:39.156+0000] {taskinstance.py:2306} INFO - Starting attempt 2 of 3
[2026-02-12T02:05:39.191+0000] {taskinstance.py:2330} INFO - Executing <Task(PythonOperator): run_etl_pipeline> on 2026-02-12 01:00:00+00:00
[2026-02-12T02:05:39.204+0000] {logging_mixin.py:188} WARNING - /home/***/.local/lib/python3.12/site-packages/***/task/task_runner/standard_task_runner.py:62 DeprecationWarning: This process (pid=877) is multi-threaded, use of fork() may lead to deadlocks in the child.
[2026-02-12T02:05:39.206+0000] {standard_task_runner.py:64} INFO - Started process 879 to run task
[2026-02-12T02:05:39.206+0000] {standard_task_runner.py:90} INFO - Running: ['***', 'tasks', 'run', 'ecommerce_sales_pipeline', 'run_etl_pipeline', 'scheduled__2026-02-12T01:00:00+00:00', '--job-id', '12', '--raw', '--subdir', 'DAGS_FOLDER/ecommerce_pipeline_dag.py', '--cfg-path', '/tmp/tmp9pmvskim']
[2026-02-12T02:05:39.209+0000] {standard_task_runner.py:91} INFO - Job 12: Subtask run_etl_pipeline
[2026-02-12T02:05:39.285+0000] {task_command.py:426} INFO - Running <TaskInstance: ecommerce_sales_pipeline.run_etl_pipeline scheduled__2026-02-12T01:00:00+00:00 [running]> on host 2c81816151a4
[2026-02-12T02:05:39.398+0000] {taskinstance.py:2648} INFO - Exporting env vars: AIRFLOW_CTX_DAG_EMAIL='admin@ecommerce-pipeline.com' AIRFLOW_CTX_DAG_OWNER='rakshith' AIRFLOW_CTX_DAG_ID='ecommerce_sales_pipeline' AIRFLOW_CTX_TASK_ID='run_etl_pipeline' AIRFLOW_CTX_EXECUTION_DATE='2026-02-12T01:00:00+00:00' AIRFLOW_CTX_TRY_NUMBER='2' AIRFLOW_CTX_DAG_RUN_ID='scheduled__2026-02-12T01:00:00+00:00'
[2026-02-12T02:05:39.399+0000] {taskinstance.py:430} INFO - ::endgroup::
[2026-02-12T02:05:39.417+0000] {ecommerce_pipeline_dag.py:109} INFO - Starting ETL pipeline run...
[2026-02-12T02:05:39.532+0000] {taskinstance.py:441} INFO - ::group::Post task execution logs
[2026-02-12T02:05:39.534+0000] {taskinstance.py:2905} ERROR - Task failed with exception
Traceback (most recent call last):
  File "/home/airflow/.local/lib/python3.12/site-packages/airflow/models/taskinstance.py", line 465, in _execute_task
    result = _execute_callable(context=context, **execute_callable_kwargs)
             ^^^^^^^^^^^^^^^^^^^^^^^^^^^^^^^^^^^^^^^^^^^^^^^^^^^^^^^^^^^^^
  File "/home/airflow/.local/lib/python3.12/site-packages/airflow/models/taskinstance.py", line 432, in _execute_callable
    return execute_callable(context=context, **execute_callable_kwargs)
           ^^^^^^^^^^^^^^^^^^^^^^^^^^^^^^^^^^^^^^^^^^^^^^^^^^^^^^^^^^^^
  File "/home/airflow/.local/lib/python3.12/site-packages/airflow/models/baseoperator.py", line 401, in wrapper
    return func(self, *args, **kwargs)
           ^^^^^^^^^^^^^^^^^^^^^^^^^^^
  File "/home/airflow/.local/lib/python3.12/site-packages/airflow/operators/python.py", line 235, in execute
    return_value = self.execute_callable()
                   ^^^^^^^^^^^^^^^^^^^^^^^
  File "/home/airflow/.local/lib/python3.12/site-packages/airflow/operators/python.py", line 252, in execute_callable
    return self.python_callable(*self.op_args, **self.op_kwargs)
           ^^^^^^^^^^^^^^^^^^^^^^^^^^^^^^^^^^^^^^^^^^^^^^^^^^^^^
  File "/opt/airflow/dags/ecommerce_pipeline_dag.py", line 151, in run_etl_pipeline
    cursor.executemany("""
psycopg2.errors.UndefinedColumn: column "sale_date" of relation "sales_fact" does not exist
LINE 3: ...           (customer_id, product_id, location_id, sale_date,
                                                             ^

[2026-02-12T02:05:40.639+0000] {taskinstance.py:1206} INFO - Marking task as UP_FOR_RETRY. dag_id=ecommerce_sales_pipeline, task_id=run_etl_pipeline, run_id=scheduled__2026-02-12T01:00:00+00:00, execution_date=20260212T010000, start_date=20260212T020539, end_date=20260212T020540
[2026-02-12T02:05:40.659+0000] {standard_task_runner.py:110} ERROR - Failed to execute job 12 for task run_etl_pipeline (column "sale_date" of relation "sales_fact" does not exist
LINE 3: ...           (customer_id, product_id, location_id, sale_date,
                                                             ^
; 879)
[2026-02-12T02:05:40.715+0000] {local_task_job_runner.py:243} INFO - Task exited with return code 1
[2026-02-12T02:05:40.738+0000] {taskinstance.py:3503} INFO - 0 downstream tasks scheduled from follow-on schedule check
[2026-02-12T02:05:40.760+0000] {local_task_job_runner.py:222} INFO - ::endgroup::
