[2026-02-12T09:01:23.544+0000] {local_task_job_runner.py:120} INFO - ::group::Pre task execution logs
[2026-02-12T09:01:23.864+0000] {taskinstance.py:2076} INFO - Dependencies all met for dep_context=non-requeueable deps ti=<TaskInstance: ecommerce_sales_pipeline.data_quality_checks scheduled__2026-02-12T08:00:00+00:00 [queued]>
[2026-02-12T09:01:23.883+0000] {taskinstance.py:2076} INFO - Dependencies all met for dep_context=requeueable deps ti=<TaskInstance: ecommerce_sales_pipeline.data_quality_checks scheduled__2026-02-12T08:00:00+00:00 [queued]>
[2026-02-12T09:01:23.884+0000] {taskinstance.py:2306} INFO - Starting attempt 1 of 3
[2026-02-12T09:01:23.968+0000] {taskinstance.py:2330} INFO - Executing <Task(PythonOperator): data_quality_checks> on 2026-02-12 08:00:00+00:00
[2026-02-12T09:01:24.010+0000] {logging_mixin.py:188} WARNING - /home/***/.local/lib/python3.12/site-packages/***/task/task_runner/standard_task_runner.py:62 DeprecationWarning: This process (pid=1262) is multi-threaded, use of fork() may lead to deadlocks in the child.
[2026-02-12T09:01:24.017+0000] {standard_task_runner.py:64} INFO - Started process 1270 to run task
[2026-02-12T09:01:24.010+0000] {standard_task_runner.py:90} INFO - Running: ['***', 'tasks', 'run', 'ecommerce_sales_pipeline', 'data_quality_checks', 'scheduled__2026-02-12T08:00:00+00:00', '--job-id', '43', '--raw', '--subdir', 'DAGS_FOLDER/ecommerce_pipeline_dag.py', '--cfg-path', '/tmp/tmp0_g8143_']
[2026-02-12T09:01:24.026+0000] {standard_task_runner.py:91} INFO - Job 43: Subtask data_quality_checks
[2026-02-12T09:01:24.603+0000] {task_command.py:426} INFO - Running <TaskInstance: ecommerce_sales_pipeline.data_quality_checks scheduled__2026-02-12T08:00:00+00:00 [running]> on host 2c81816151a4
[2026-02-12T09:01:24.719+0000] {taskinstance.py:2648} INFO - Exporting env vars: AIRFLOW_CTX_DAG_OWNER='rakshith' AIRFLOW_CTX_DAG_ID='ecommerce_sales_pipeline' AIRFLOW_CTX_TASK_ID='data_quality_checks' AIRFLOW_CTX_EXECUTION_DATE='2026-02-12T08:00:00+00:00' AIRFLOW_CTX_TRY_NUMBER='1' AIRFLOW_CTX_DAG_RUN_ID='scheduled__2026-02-12T08:00:00+00:00'
[2026-02-12T09:01:24.720+0000] {taskinstance.py:430} INFO - ::endgroup::
[2026-02-12T09:01:24.770+0000] {ecommerce_pipeline_dag.py:180} INFO - Running data quality checks...
[2026-02-12T09:01:25.537+0000] {ecommerce_pipeline_dag.py:222} INFO - All data quality checks passed!
[2026-02-12T09:01:25.538+0000] {python.py:237} INFO - Done. Returned value was: {'status': 'all_checks_passed'}
[2026-02-12T09:01:25.539+0000] {taskinstance.py:441} INFO - ::group::Post task execution logs
[2026-02-12T09:01:25.573+0000] {taskinstance.py:1206} INFO - Marking task as SUCCESS. dag_id=ecommerce_sales_pipeline, task_id=data_quality_checks, run_id=scheduled__2026-02-12T08:00:00+00:00, execution_date=20260212T080000, start_date=20260212T090123, end_date=20260212T090125
[2026-02-12T09:01:25.608+0000] {local_task_job_runner.py:243} INFO - Task exited with return code 0
[2026-02-12T09:01:25.636+0000] {taskinstance.py:3503} INFO - 1 downstream tasks scheduled from follow-on schedule check
[2026-02-12T09:01:25.639+0000] {local_task_job_runner.py:222} INFO - ::endgroup::
