[2026-02-12T04:45:21.268+0000] {local_task_job_runner.py:120} INFO - ::group::Pre task execution logs
[2026-02-12T04:45:21.458+0000] {taskinstance.py:2076} INFO - Dependencies all met for dep_context=non-requeueable deps ti=<TaskInstance: ecommerce_sales_pipeline.fetch_products scheduled__2026-02-12T03:00:00+00:00 [queued]>
[2026-02-12T04:45:21.522+0000] {taskinstance.py:2076} INFO - Dependencies all met for dep_context=requeueable deps ti=<TaskInstance: ecommerce_sales_pipeline.fetch_products scheduled__2026-02-12T03:00:00+00:00 [queued]>
[2026-02-12T04:45:21.525+0000] {taskinstance.py:2306} INFO - Starting attempt 1 of 3
[2026-02-12T04:45:21.643+0000] {taskinstance.py:2330} INFO - Executing <Task(PythonOperator): fetch_products> on 2026-02-12 03:00:00+00:00
[2026-02-12T04:45:21.796+0000] {logging_mixin.py:188} WARNING - /home/***/.local/lib/python3.12/site-packages/***/task/task_runner/standard_task_runner.py:62 DeprecationWarning: This process (pid=759) is multi-threaded, use of fork() may lead to deadlocks in the child.
[2026-02-12T04:45:21.809+0000] {standard_task_runner.py:64} INFO - Started process 760 to run task
[2026-02-12T04:45:21.794+0000] {standard_task_runner.py:90} INFO - Running: ['***', 'tasks', 'run', 'ecommerce_sales_pipeline', 'fetch_products', 'scheduled__2026-02-12T03:00:00+00:00', '--job-id', '23', '--raw', '--subdir', 'DAGS_FOLDER/ecommerce_pipeline_dag.py', '--cfg-path', '/tmp/tmp8alrng8v']
[2026-02-12T04:45:21.818+0000] {standard_task_runner.py:91} INFO - Job 23: Subtask fetch_products
[2026-02-12T04:45:22.551+0000] {task_command.py:426} INFO - Running <TaskInstance: ecommerce_sales_pipeline.fetch_products scheduled__2026-02-12T03:00:00+00:00 [running]> on host 2c81816151a4
[2026-02-12T04:45:22.792+0000] {taskinstance.py:2648} INFO - Exporting env vars: AIRFLOW_CTX_DAG_OWNER='rakshith' AIRFLOW_CTX_DAG_ID='ecommerce_sales_pipeline' AIRFLOW_CTX_TASK_ID='fetch_products' AIRFLOW_CTX_EXECUTION_DATE='2026-02-12T03:00:00+00:00' AIRFLOW_CTX_TRY_NUMBER='1' AIRFLOW_CTX_DAG_RUN_ID='scheduled__2026-02-12T03:00:00+00:00'
[2026-02-12T04:45:22.793+0000] {taskinstance.py:430} INFO - ::endgroup::
[2026-02-12T04:45:22.806+0000] {ecommerce_pipeline_dag.py:49} INFO - Fetching products from Fake Store API...
[2026-02-12T04:45:23.782+0000] {ecommerce_pipeline_dag.py:95} INFO - Products sync complete: 0 inserted, 20 updated
[2026-02-12T04:45:23.783+0000] {python.py:237} INFO - Done. Returned value was: {'inserted': 0, 'updated': 20}
[2026-02-12T04:45:23.784+0000] {taskinstance.py:441} INFO - ::group::Post task execution logs
[2026-02-12T04:45:23.811+0000] {taskinstance.py:1206} INFO - Marking task as SUCCESS. dag_id=ecommerce_sales_pipeline, task_id=fetch_products, run_id=scheduled__2026-02-12T03:00:00+00:00, execution_date=20260212T030000, start_date=20260212T044521, end_date=20260212T044523
[2026-02-12T04:45:23.867+0000] {local_task_job_runner.py:243} INFO - Task exited with return code 0
[2026-02-12T04:45:23.906+0000] {taskinstance.py:3503} INFO - 1 downstream tasks scheduled from follow-on schedule check
[2026-02-12T04:45:23.914+0000] {local_task_job_runner.py:222} INFO - ::endgroup::
