[2026-02-12T07:58:00.654+0000] {local_task_job_runner.py:120} INFO - ::group::Pre task execution logs
[2026-02-12T07:58:00.707+0000] {taskinstance.py:2076} INFO - Dependencies all met for dep_context=non-requeueable deps ti=<TaskInstance: ecommerce_sales_pipeline.log_pipeline_summary scheduled__2026-02-12T05:00:00+00:00 [queued]>
[2026-02-12T07:58:00.716+0000] {taskinstance.py:2076} INFO - Dependencies all met for dep_context=requeueable deps ti=<TaskInstance: ecommerce_sales_pipeline.log_pipeline_summary scheduled__2026-02-12T05:00:00+00:00 [queued]>
[2026-02-12T07:58:00.717+0000] {taskinstance.py:2306} INFO - Starting attempt 1 of 3
[2026-02-12T07:58:00.732+0000] {taskinstance.py:2330} INFO - Executing <Task(PythonOperator): log_pipeline_summary> on 2026-02-12 05:00:00+00:00
[2026-02-12T07:58:00.743+0000] {logging_mixin.py:188} WARNING - /home/***/.local/lib/python3.12/site-packages/***/task/task_runner/standard_task_runner.py:62 DeprecationWarning: This process (pid=1158) is multi-threaded, use of fork() may lead to deadlocks in the child.
[2026-02-12T07:58:00.746+0000] {standard_task_runner.py:64} INFO - Started process 1166 to run task
[2026-02-12T07:58:00.742+0000] {standard_task_runner.py:90} INFO - Running: ['***', 'tasks', 'run', 'ecommerce_sales_pipeline', 'log_pipeline_summary', 'scheduled__2026-02-12T05:00:00+00:00', '--job-id', '35', '--raw', '--subdir', 'DAGS_FOLDER/ecommerce_pipeline_dag.py', '--cfg-path', '/tmp/tmp3oxzgohf']
[2026-02-12T07:58:00.747+0000] {standard_task_runner.py:91} INFO - Job 35: Subtask log_pipeline_summary
[2026-02-12T07:58:00.812+0000] {task_command.py:426} INFO - Running <TaskInstance: ecommerce_sales_pipeline.log_pipeline_summary scheduled__2026-02-12T05:00:00+00:00 [running]> on host 2c81816151a4
[2026-02-12T07:58:01.004+0000] {taskinstance.py:2648} INFO - Exporting env vars: AIRFLOW_CTX_DAG_OWNER='rakshith' AIRFLOW_CTX_DAG_ID='ecommerce_sales_pipeline' AIRFLOW_CTX_TASK_ID='log_pipeline_summary' AIRFLOW_CTX_EXECUTION_DATE='2026-02-12T05:00:00+00:00' AIRFLOW_CTX_TRY_NUMBER='1' AIRFLOW_CTX_DAG_RUN_ID='scheduled__2026-02-12T05:00:00+00:00'
[2026-02-12T07:58:01.007+0000] {taskinstance.py:430} INFO - ::endgroup::
[2026-02-12T07:58:01.073+0000] {ecommerce_pipeline_dag.py:234} INFO - 
    ═══════════════════════════════════════
    Pipeline Summary
    Products Inserted: 0
    Products Updated : 20
    Transactions     : 66
    ═══════════════════════════════════════
    
[2026-02-12T07:58:01.075+0000] {python.py:237} INFO - Done. Returned value was: None
[2026-02-12T07:58:01.076+0000] {taskinstance.py:441} INFO - ::group::Post task execution logs
[2026-02-12T07:58:01.091+0000] {taskinstance.py:1206} INFO - Marking task as SUCCESS. dag_id=ecommerce_sales_pipeline, task_id=log_pipeline_summary, run_id=scheduled__2026-02-12T05:00:00+00:00, execution_date=20260212T050000, start_date=20260212T075800, end_date=20260212T075801
[2026-02-12T07:58:01.417+0000] {local_task_job_runner.py:243} INFO - Task exited with return code 0
[2026-02-12T07:58:01.572+0000] {local_task_job_runner.py:222} INFO - ::endgroup::
